[2021-09-07 06:08:31,088] {taskinstance.py:903} INFO - Dependencies all met for <TaskInstance: json_etl_dag.load_data 2021-09-07T06:08:27.273628+00:00 [queued]>
[2021-09-07 06:08:31,097] {taskinstance.py:903} INFO - Dependencies all met for <TaskInstance: json_etl_dag.load_data 2021-09-07T06:08:27.273628+00:00 [queued]>
[2021-09-07 06:08:31,098] {taskinstance.py:1094} INFO - 
--------------------------------------------------------------------------------
[2021-09-07 06:08:31,098] {taskinstance.py:1095} INFO - Starting attempt 1 of 1
[2021-09-07 06:08:31,098] {taskinstance.py:1096} INFO - 
--------------------------------------------------------------------------------
[2021-09-07 06:08:31,112] {taskinstance.py:1114} INFO - Executing <Task(PythonOperator): load_data> on 2021-09-07T06:08:27.273628+00:00
[2021-09-07 06:08:31,116] {standard_task_runner.py:52} INFO - Started process 30996 to run task
[2021-09-07 06:08:31,118] {standard_task_runner.py:76} INFO - Running: ['***', 'tasks', 'run', 'json_etl_dag', 'load_data', '2021-09-07T06:08:27.273628+00:00', '--job-id', '236', '--pool', 'default_pool', '--raw', '--subdir', 'DAGS_FOLDER/etl.py', '--cfg-path', '/tmp/tmptkchwnoo', '--error-file', '/tmp/tmpbjg61n6y']
[2021-09-07 06:08:31,119] {standard_task_runner.py:77} INFO - Job 236: Subtask load_data
[2021-09-07 06:08:31,154] {logging_mixin.py:109} INFO - Running <TaskInstance: json_etl_dag.load_data 2021-09-07T06:08:27.273628+00:00 [running]> on host 731700afc5ff
[2021-09-07 06:08:31,197] {taskinstance.py:1251} INFO - Exporting the following env vars:
AIRFLOW_CTX_DAG_OWNER=***
AIRFLOW_CTX_DAG_ID=json_etl_dag
AIRFLOW_CTX_TASK_ID=load_data
AIRFLOW_CTX_EXECUTION_DATE=2021-09-07T06:08:27.273628+00:00
AIRFLOW_CTX_DAG_RUN_ID=manual__2021-09-07T06:08:27.273628+00:00
[2021-09-07 06:08:31,217] {base.py:70} INFO - Using connection to: id: nickel-aws. Host: nickel.caybmxchvlv1.us-east-1.rds.amazonaws.com, Port: 5432, Schema: , Login: postgres, Password: ***, extra: {}
[2021-09-07 06:08:31,716] {base.py:70} INFO - Using connection to: id: nickel-aws. Host: nickel.caybmxchvlv1.us-east-1.rds.amazonaws.com, Port: 5432, Schema: , Login: postgres, Password: ***, extra: {}
[2021-09-07 06:08:32,540] {base.py:70} INFO - Using connection to: id: nickel-aws. Host: nickel.caybmxchvlv1.us-east-1.rds.amazonaws.com, Port: 5432, Schema: , Login: postgres, Password: ***, extra: {}
[2021-09-07 06:08:33,042] {base.py:70} INFO - Using connection to: id: nickel-aws. Host: nickel.caybmxchvlv1.us-east-1.rds.amazonaws.com, Port: 5432, Schema: , Login: postgres, Password: ***, extra: {}
[2021-09-07 06:08:33,972] {python.py:151} INFO - Done. Returned value was: None
[2021-09-07 06:08:33,982] {taskinstance.py:1211} INFO - Marking task as SUCCESS. dag_id=json_etl_dag, task_id=load_data, execution_date=20210907T060827, start_date=20210907T060831, end_date=20210907T060833
[2021-09-07 06:08:34,019] {local_task_job.py:151} INFO - Task exited with return code 0
[2021-09-07 06:08:34,042] {local_task_job.py:261} INFO - 1 downstream tasks scheduled from follow-on schedule check
