[2021-09-07 00:13:23,402] {taskinstance.py:903} INFO - Dependencies all met for <TaskInstance: users_and_posts_etl_dag.load_data 2021-09-07T00:13:21.120977+00:00 [queued]>
[2021-09-07 00:13:23,412] {taskinstance.py:903} INFO - Dependencies all met for <TaskInstance: users_and_posts_etl_dag.load_data 2021-09-07T00:13:21.120977+00:00 [queued]>
[2021-09-07 00:13:23,412] {taskinstance.py:1094} INFO - 
--------------------------------------------------------------------------------
[2021-09-07 00:13:23,412] {taskinstance.py:1095} INFO - Starting attempt 1 of 1
[2021-09-07 00:13:23,412] {taskinstance.py:1096} INFO - 
--------------------------------------------------------------------------------
[2021-09-07 00:13:23,427] {taskinstance.py:1114} INFO - Executing <Task(PythonOperator): load_data> on 2021-09-07T00:13:21.120977+00:00
[2021-09-07 00:13:23,431] {standard_task_runner.py:52} INFO - Started process 28728 to run task
[2021-09-07 00:13:23,433] {standard_task_runner.py:76} INFO - Running: ['***', 'tasks', 'run', 'users_and_posts_etl_dag', 'load_data', '2021-09-07T00:13:21.120977+00:00', '--job-id', '51', '--pool', 'default_pool', '--raw', '--subdir', 'DAGS_FOLDER/hoverstate_etl.py', '--cfg-path', '/tmp/tmpdu49v_d5', '--error-file', '/tmp/tmpjfz6ixjb']
[2021-09-07 00:13:23,433] {standard_task_runner.py:77} INFO - Job 51: Subtask load_data
[2021-09-07 00:13:23,465] {logging_mixin.py:109} INFO - Running <TaskInstance: users_and_posts_etl_dag.load_data 2021-09-07T00:13:21.120977+00:00 [running]> on host 731700afc5ff
[2021-09-07 00:13:23,502] {taskinstance.py:1251} INFO - Exporting the following env vars:
AIRFLOW_CTX_DAG_OWNER=***
AIRFLOW_CTX_DAG_ID=users_and_posts_etl_dag
AIRFLOW_CTX_TASK_ID=load_data
AIRFLOW_CTX_EXECUTION_DATE=2021-09-07T00:13:21.120977+00:00
AIRFLOW_CTX_DAG_RUN_ID=manual__2021-09-07T00:13:21.120977+00:00
[2021-09-07 00:13:23,503] {logging_mixin.py:109} INFO - <TaskInstance: users_and_posts_etl_dag.load_data 2021-09-07T00:13:21.120977+00:00 [running]>
[2021-09-07 00:13:23,517] {python.py:151} INFO - Done. Returned value was: None
[2021-09-07 00:13:23,525] {taskinstance.py:1211} INFO - Marking task as SUCCESS. dag_id=users_and_posts_etl_dag, task_id=load_data, execution_date=20210907T001321, start_date=20210907T001323, end_date=20210907T001323
[2021-09-07 00:13:23,565] {local_task_job.py:151} INFO - Task exited with return code 0
[2021-09-07 00:13:23,582] {local_task_job.py:261} INFO - 0 downstream tasks scheduled from follow-on schedule check
