[2021-09-07 04:17:57,842] {taskinstance.py:903} INFO - Dependencies all met for <TaskInstance: users_and_posts_etl_dag.load_data 2021-09-07T04:17:55.526808+00:00 [queued]>
[2021-09-07 04:17:57,850] {taskinstance.py:903} INFO - Dependencies all met for <TaskInstance: users_and_posts_etl_dag.load_data 2021-09-07T04:17:55.526808+00:00 [queued]>
[2021-09-07 04:17:57,850] {taskinstance.py:1094} INFO - 
--------------------------------------------------------------------------------
[2021-09-07 04:17:57,850] {taskinstance.py:1095} INFO - Starting attempt 1 of 1
[2021-09-07 04:17:57,850] {taskinstance.py:1096} INFO - 
--------------------------------------------------------------------------------
[2021-09-07 04:17:57,861] {taskinstance.py:1114} INFO - Executing <Task(PythonOperator): load_data> on 2021-09-07T04:17:55.526808+00:00
[2021-09-07 04:17:57,864] {standard_task_runner.py:52} INFO - Started process 20187 to run task
[2021-09-07 04:17:57,866] {standard_task_runner.py:76} INFO - Running: ['***', 'tasks', 'run', 'users_and_posts_etl_dag', 'load_data', '2021-09-07T04:17:55.526808+00:00', '--job-id', '182', '--pool', 'default_pool', '--raw', '--subdir', 'DAGS_FOLDER/hoverstate_etl.py', '--cfg-path', '/tmp/tmp89q32vzk', '--error-file', '/tmp/tmpb97tclff']
[2021-09-07 04:17:57,866] {standard_task_runner.py:77} INFO - Job 182: Subtask load_data
[2021-09-07 04:17:57,898] {logging_mixin.py:109} INFO - Running <TaskInstance: users_and_posts_etl_dag.load_data 2021-09-07T04:17:55.526808+00:00 [running]> on host 731700afc5ff
[2021-09-07 04:17:57,935] {taskinstance.py:1251} INFO - Exporting the following env vars:
AIRFLOW_CTX_DAG_OWNER=***
AIRFLOW_CTX_DAG_ID=users_and_posts_etl_dag
AIRFLOW_CTX_TASK_ID=load_data
AIRFLOW_CTX_EXECUTION_DATE=2021-09-07T04:17:55.526808+00:00
AIRFLOW_CTX_DAG_RUN_ID=manual__2021-09-07T04:17:55.526808+00:00
[2021-09-07 04:17:57,955] {base.py:70} INFO - Using connection to: id: nickel-aws. Host: nickel.caybmxchvlv1.us-east-1.rds.amazonaws.com, Port: 5432, Schema: , Login: postgres, Password: ***, extra: {}
[2021-09-07 04:17:58,866] {base.py:70} INFO - Using connection to: id: nickel-aws. Host: nickel.caybmxchvlv1.us-east-1.rds.amazonaws.com, Port: 5432, Schema: , Login: postgres, Password: ***, extra: {}
[2021-09-07 04:17:59,858] {python.py:151} INFO - Done. Returned value was: None
[2021-09-07 04:17:59,872] {taskinstance.py:1211} INFO - Marking task as SUCCESS. dag_id=users_and_posts_etl_dag, task_id=load_data, execution_date=20210907T041755, start_date=20210907T041757, end_date=20210907T041759
[2021-09-07 04:17:59,924] {local_task_job.py:151} INFO - Task exited with return code 0
[2021-09-07 04:17:59,943] {local_task_job.py:261} INFO - 0 downstream tasks scheduled from follow-on schedule check
