[2021-09-07 02:43:19,122] {taskinstance.py:903} INFO - Dependencies all met for <TaskInstance: users_and_posts_etl_dag.extract_data 2021-09-07T02:43:18.491129+00:00 [queued]>
[2021-09-07 02:43:19,135] {taskinstance.py:903} INFO - Dependencies all met for <TaskInstance: users_and_posts_etl_dag.extract_data 2021-09-07T02:43:18.491129+00:00 [queued]>
[2021-09-07 02:43:19,135] {taskinstance.py:1094} INFO - 
--------------------------------------------------------------------------------
[2021-09-07 02:43:19,135] {taskinstance.py:1095} INFO - Starting attempt 1 of 1
[2021-09-07 02:43:19,135] {taskinstance.py:1096} INFO - 
--------------------------------------------------------------------------------
[2021-09-07 02:43:19,142] {taskinstance.py:1114} INFO - Executing <Task(PythonOperator): extract_data> on 2021-09-07T02:43:18.491129+00:00
[2021-09-07 02:43:19,146] {standard_task_runner.py:52} INFO - Started process 10939 to run task
[2021-09-07 02:43:19,148] {standard_task_runner.py:76} INFO - Running: ['***', 'tasks', 'run', 'users_and_posts_etl_dag', 'extract_data', '2021-09-07T02:43:18.491129+00:00', '--job-id', '121', '--pool', 'default_pool', '--raw', '--subdir', 'DAGS_FOLDER/hoverstate_etl.py', '--cfg-path', '/tmp/tmptuc6nhn9', '--error-file', '/tmp/tmp8dluf1si']
[2021-09-07 02:43:19,149] {standard_task_runner.py:77} INFO - Job 121: Subtask extract_data
[2021-09-07 02:43:19,179] {logging_mixin.py:109} INFO - Running <TaskInstance: users_and_posts_etl_dag.extract_data 2021-09-07T02:43:18.491129+00:00 [running]> on host 731700afc5ff
[2021-09-07 02:43:19,222] {taskinstance.py:1251} INFO - Exporting the following env vars:
AIRFLOW_CTX_DAG_OWNER=***
AIRFLOW_CTX_DAG_ID=users_and_posts_etl_dag
AIRFLOW_CTX_TASK_ID=extract_data
AIRFLOW_CTX_EXECUTION_DATE=2021-09-07T02:43:18.491129+00:00
AIRFLOW_CTX_DAG_RUN_ID=manual__2021-09-07T02:43:18.491129+00:00
[2021-09-07 02:43:19,385] {logging_mixin.py:109} INFO - /opt/***/dags/files/users
[2021-09-07 02:43:19,386] {logging_mixin.py:109} INFO - /opt/***/dags/files/posts
[2021-09-07 02:43:19,415] {python.py:151} INFO - Done. Returned value was: None
[2021-09-07 02:43:19,425] {taskinstance.py:1211} INFO - Marking task as SUCCESS. dag_id=users_and_posts_etl_dag, task_id=extract_data, execution_date=20210907T024318, start_date=20210907T024319, end_date=20210907T024319
[2021-09-07 02:43:19,441] {local_task_job.py:151} INFO - Task exited with return code 0
[2021-09-07 02:43:19,465] {local_task_job.py:261} INFO - 1 downstream tasks scheduled from follow-on schedule check
