[2021-09-06 23:20:09,129] {taskinstance.py:903} INFO - Dependencies all met for <TaskInstance: users_and_posts_etl_dag.extract_data 2021-09-05T00:00:00+00:00 [queued]>
[2021-09-06 23:20:09,149] {taskinstance.py:903} INFO - Dependencies all met for <TaskInstance: users_and_posts_etl_dag.extract_data 2021-09-05T00:00:00+00:00 [queued]>
[2021-09-06 23:20:09,149] {taskinstance.py:1094} INFO - 
--------------------------------------------------------------------------------
[2021-09-06 23:20:09,149] {taskinstance.py:1095} INFO - Starting attempt 1 of 1
[2021-09-06 23:20:09,149] {taskinstance.py:1096} INFO - 
--------------------------------------------------------------------------------
[2021-09-06 23:20:09,161] {taskinstance.py:1114} INFO - Executing <Task(PythonOperator): extract_data> on 2021-09-05T00:00:00+00:00
[2021-09-06 23:20:09,167] {standard_task_runner.py:52} INFO - Started process 23477 to run task
[2021-09-06 23:20:09,173] {standard_task_runner.py:76} INFO - Running: ['***', 'tasks', 'run', 'users_and_posts_etl_dag', 'extract_data', '2021-09-05T00:00:00+00:00', '--job-id', '6', '--pool', 'default_pool', '--raw', '--subdir', 'DAGS_FOLDER/hoverstate_etl.py', '--cfg-path', '/tmp/tmp31qkvv0r', '--error-file', '/tmp/tmpzc_ea0vx']
[2021-09-06 23:20:09,173] {standard_task_runner.py:77} INFO - Job 6: Subtask extract_data
[2021-09-06 23:20:09,228] {logging_mixin.py:109} INFO - Running <TaskInstance: users_and_posts_etl_dag.extract_data 2021-09-05T00:00:00+00:00 [running]> on host 731700afc5ff
[2021-09-06 23:20:09,292] {taskinstance.py:1251} INFO - Exporting the following env vars:
AIRFLOW_CTX_DAG_OWNER=***
AIRFLOW_CTX_DAG_ID=users_and_posts_etl_dag
AIRFLOW_CTX_TASK_ID=extract_data
AIRFLOW_CTX_EXECUTION_DATE=2021-09-05T00:00:00+00:00
AIRFLOW_CTX_DAG_RUN_ID=scheduled__2021-09-05T00:00:00+00:00
[2021-09-06 23:20:09,484] {python.py:151} INFO - Done. Returned value was: None
[2021-09-06 23:20:09,496] {taskinstance.py:1211} INFO - Marking task as SUCCESS. dag_id=users_and_posts_etl_dag, task_id=extract_data, execution_date=20210905T000000, start_date=20210906T232009, end_date=20210906T232009
[2021-09-06 23:20:09,550] {local_task_job.py:151} INFO - Task exited with return code 0
[2021-09-06 23:20:09,571] {local_task_job.py:261} INFO - 0 downstream tasks scheduled from follow-on schedule check
