[2021-09-06 23:44:32,433] {taskinstance.py:903} INFO - Dependencies all met for <TaskInstance: users_and_posts_etl_dag.extract_data 2021-09-06T23:44:31.925163+00:00 [queued]>
[2021-09-06 23:44:32,457] {taskinstance.py:903} INFO - Dependencies all met for <TaskInstance: users_and_posts_etl_dag.extract_data 2021-09-06T23:44:31.925163+00:00 [queued]>
[2021-09-06 23:44:32,457] {taskinstance.py:1094} INFO - 
--------------------------------------------------------------------------------
[2021-09-06 23:44:32,457] {taskinstance.py:1095} INFO - Starting attempt 1 of 1
[2021-09-06 23:44:32,457] {taskinstance.py:1096} INFO - 
--------------------------------------------------------------------------------
[2021-09-06 23:44:32,468] {taskinstance.py:1114} INFO - Executing <Task(PythonOperator): extract_data> on 2021-09-06T23:44:31.925163+00:00
[2021-09-06 23:44:32,473] {standard_task_runner.py:52} INFO - Started process 25881 to run task
[2021-09-06 23:44:32,477] {standard_task_runner.py:76} INFO - Running: ['***', 'tasks', 'run', 'users_and_posts_etl_dag', 'extract_data', '2021-09-06T23:44:31.925163+00:00', '--job-id', '24', '--pool', 'default_pool', '--raw', '--subdir', 'DAGS_FOLDER/hoverstate_etl.py', '--cfg-path', '/tmp/tmpu9g4ppck', '--error-file', '/tmp/tmpyaumgi45']
[2021-09-06 23:44:32,478] {standard_task_runner.py:77} INFO - Job 24: Subtask extract_data
[2021-09-06 23:44:32,522] {logging_mixin.py:109} INFO - Running <TaskInstance: users_and_posts_etl_dag.extract_data 2021-09-06T23:44:31.925163+00:00 [running]> on host 731700afc5ff
[2021-09-06 23:44:32,576] {taskinstance.py:1251} INFO - Exporting the following env vars:
AIRFLOW_CTX_DAG_OWNER=***
AIRFLOW_CTX_DAG_ID=users_and_posts_etl_dag
AIRFLOW_CTX_TASK_ID=extract_data
AIRFLOW_CTX_EXECUTION_DATE=2021-09-06T23:44:31.925163+00:00
AIRFLOW_CTX_DAG_RUN_ID=manual__2021-09-06T23:44:31.925163+00:00
[2021-09-06 23:44:32,759] {python.py:151} INFO - Done. Returned value was: None
[2021-09-06 23:44:32,768] {taskinstance.py:1211} INFO - Marking task as SUCCESS. dag_id=users_and_posts_etl_dag, task_id=extract_data, execution_date=20210906T234431, start_date=20210906T234432, end_date=20210906T234432
[2021-09-06 23:44:32,811] {local_task_job.py:151} INFO - Task exited with return code 0
[2021-09-06 23:44:32,830] {local_task_job.py:261} INFO - 0 downstream tasks scheduled from follow-on schedule check
