[2021-09-07 05:48:49,170] {taskinstance.py:903} INFO - Dependencies all met for <TaskInstance: json_etl_dag.load_data 2021-09-07T05:48:44.774974+00:00 [queued]>
[2021-09-07 05:48:49,177] {taskinstance.py:903} INFO - Dependencies all met for <TaskInstance: json_etl_dag.load_data 2021-09-07T05:48:44.774974+00:00 [queued]>
[2021-09-07 05:48:49,177] {taskinstance.py:1094} INFO - 
--------------------------------------------------------------------------------
[2021-09-07 05:48:49,177] {taskinstance.py:1095} INFO - Starting attempt 1 of 1
[2021-09-07 05:48:49,178] {taskinstance.py:1096} INFO - 
--------------------------------------------------------------------------------
[2021-09-07 05:48:49,189] {taskinstance.py:1114} INFO - Executing <Task(PythonOperator): load_data> on 2021-09-07T05:48:44.774974+00:00
[2021-09-07 05:48:49,192] {standard_task_runner.py:52} INFO - Started process 29061 to run task
[2021-09-07 05:48:49,194] {standard_task_runner.py:76} INFO - Running: ['***', 'tasks', 'run', 'json_etl_dag', 'load_data', '2021-09-07T05:48:44.774974+00:00', '--job-id', '220', '--pool', 'default_pool', '--raw', '--subdir', 'DAGS_FOLDER/etl.py', '--cfg-path', '/tmp/tmpc8n8f2yc', '--error-file', '/tmp/tmpixxutiar']
[2021-09-07 05:48:49,194] {standard_task_runner.py:77} INFO - Job 220: Subtask load_data
[2021-09-07 05:48:49,224] {logging_mixin.py:109} INFO - Running <TaskInstance: json_etl_dag.load_data 2021-09-07T05:48:44.774974+00:00 [running]> on host 731700afc5ff
[2021-09-07 05:48:49,261] {taskinstance.py:1251} INFO - Exporting the following env vars:
AIRFLOW_CTX_DAG_OWNER=***
AIRFLOW_CTX_DAG_ID=json_etl_dag
AIRFLOW_CTX_TASK_ID=load_data
AIRFLOW_CTX_EXECUTION_DATE=2021-09-07T05:48:44.774974+00:00
AIRFLOW_CTX_DAG_RUN_ID=manual__2021-09-07T05:48:44.774974+00:00
[2021-09-07 05:48:49,279] {base.py:70} INFO - Using connection to: id: nickel-aws. Host: nickel.caybmxchvlv1.us-east-1.rds.amazonaws.com, Port: 5432, Schema: , Login: postgres, Password: ***, extra: {}
[2021-09-07 05:48:49,784] {base.py:70} INFO - Using connection to: id: nickel-aws. Host: nickel.caybmxchvlv1.us-east-1.rds.amazonaws.com, Port: 5432, Schema: , Login: postgres, Password: ***, extra: {}
[2021-09-07 05:48:50,599] {base.py:70} INFO - Using connection to: id: nickel-aws. Host: nickel.caybmxchvlv1.us-east-1.rds.amazonaws.com, Port: 5432, Schema: , Login: postgres, Password: ***, extra: {}
[2021-09-07 05:48:51,091] {base.py:70} INFO - Using connection to: id: nickel-aws. Host: nickel.caybmxchvlv1.us-east-1.rds.amazonaws.com, Port: 5432, Schema: , Login: postgres, Password: ***, extra: {}
[2021-09-07 05:48:52,037] {python.py:151} INFO - Done. Returned value was: None
[2021-09-07 05:48:52,047] {taskinstance.py:1211} INFO - Marking task as SUCCESS. dag_id=json_etl_dag, task_id=load_data, execution_date=20210907T054844, start_date=20210907T054849, end_date=20210907T054852
[2021-09-07 05:48:52,096] {local_task_job.py:151} INFO - Task exited with return code 0
[2021-09-07 05:48:52,120] {local_task_job.py:261} INFO - 1 downstream tasks scheduled from follow-on schedule check
