[2021-09-07 02:34:11,445] {taskinstance.py:903} INFO - Dependencies all met for <TaskInstance: users_and_posts_etl_dag.extract_data 2021-09-07T02:34:10.977934+00:00 [queued]>
[2021-09-07 02:34:11,465] {taskinstance.py:903} INFO - Dependencies all met for <TaskInstance: users_and_posts_etl_dag.extract_data 2021-09-07T02:34:10.977934+00:00 [queued]>
[2021-09-07 02:34:11,465] {taskinstance.py:1094} INFO - 
--------------------------------------------------------------------------------
[2021-09-07 02:34:11,465] {taskinstance.py:1095} INFO - Starting attempt 1 of 1
[2021-09-07 02:34:11,465] {taskinstance.py:1096} INFO - 
--------------------------------------------------------------------------------
[2021-09-07 02:34:11,473] {taskinstance.py:1114} INFO - Executing <Task(PythonOperator): extract_data> on 2021-09-07T02:34:10.977934+00:00
[2021-09-07 02:34:11,477] {standard_task_runner.py:52} INFO - Started process 10010 to run task
[2021-09-07 02:34:11,480] {standard_task_runner.py:76} INFO - Running: ['***', 'tasks', 'run', 'users_and_posts_etl_dag', 'extract_data', '2021-09-07T02:34:10.977934+00:00', '--job-id', '105', '--pool', 'default_pool', '--raw', '--subdir', 'DAGS_FOLDER/hoverstate_etl.py', '--cfg-path', '/tmp/tmpx0rmukb5', '--error-file', '/tmp/tmp0xt42cx4']
[2021-09-07 02:34:11,480] {standard_task_runner.py:77} INFO - Job 105: Subtask extract_data
[2021-09-07 02:34:11,524] {logging_mixin.py:109} INFO - Running <TaskInstance: users_and_posts_etl_dag.extract_data 2021-09-07T02:34:10.977934+00:00 [running]> on host 731700afc5ff
[2021-09-07 02:34:11,584] {taskinstance.py:1251} INFO - Exporting the following env vars:
AIRFLOW_CTX_DAG_OWNER=***
AIRFLOW_CTX_DAG_ID=users_and_posts_etl_dag
AIRFLOW_CTX_TASK_ID=extract_data
AIRFLOW_CTX_EXECUTION_DATE=2021-09-07T02:34:10.977934+00:00
AIRFLOW_CTX_DAG_RUN_ID=manual__2021-09-07T02:34:10.977934+00:00
[2021-09-07 02:34:11,769] {logging_mixin.py:109} INFO - /opt/***/dags/files/users
[2021-09-07 02:34:11,769] {logging_mixin.py:109} INFO - /opt/***/dags/files/posts
[2021-09-07 02:34:11,799] {python.py:151} INFO - Done. Returned value was: None
[2021-09-07 02:34:11,810] {taskinstance.py:1211} INFO - Marking task as SUCCESS. dag_id=users_and_posts_etl_dag, task_id=extract_data, execution_date=20210907T023410, start_date=20210907T023411, end_date=20210907T023411
[2021-09-07 02:34:11,852] {local_task_job.py:151} INFO - Task exited with return code 0
[2021-09-07 02:34:11,880] {local_task_job.py:261} INFO - 1 downstream tasks scheduled from follow-on schedule check
