[2021-09-07 02:29:25,430] {taskinstance.py:903} INFO - Dependencies all met for <TaskInstance: users_and_posts_etl_dag.extract_data 2021-09-07T02:29:25.080861+00:00 [queued]>
[2021-09-07 02:29:25,452] {taskinstance.py:903} INFO - Dependencies all met for <TaskInstance: users_and_posts_etl_dag.extract_data 2021-09-07T02:29:25.080861+00:00 [queued]>
[2021-09-07 02:29:25,452] {taskinstance.py:1094} INFO - 
--------------------------------------------------------------------------------
[2021-09-07 02:29:25,452] {taskinstance.py:1095} INFO - Starting attempt 1 of 1
[2021-09-07 02:29:25,452] {taskinstance.py:1096} INFO - 
--------------------------------------------------------------------------------
[2021-09-07 02:29:25,465] {taskinstance.py:1114} INFO - Executing <Task(PythonOperator): extract_data> on 2021-09-07T02:29:25.080861+00:00
[2021-09-07 02:29:25,469] {standard_task_runner.py:52} INFO - Started process 9545 to run task
[2021-09-07 02:29:25,472] {standard_task_runner.py:76} INFO - Running: ['***', 'tasks', 'run', 'users_and_posts_etl_dag', 'extract_data', '2021-09-07T02:29:25.080861+00:00', '--job-id', '97', '--pool', 'default_pool', '--raw', '--subdir', 'DAGS_FOLDER/hoverstate_etl.py', '--cfg-path', '/tmp/tmp07yjorjc', '--error-file', '/tmp/tmpywn1o705']
[2021-09-07 02:29:25,472] {standard_task_runner.py:77} INFO - Job 97: Subtask extract_data
[2021-09-07 02:29:25,516] {logging_mixin.py:109} INFO - Running <TaskInstance: users_and_posts_etl_dag.extract_data 2021-09-07T02:29:25.080861+00:00 [running]> on host 731700afc5ff
[2021-09-07 02:29:25,602] {taskinstance.py:1251} INFO - Exporting the following env vars:
AIRFLOW_CTX_DAG_OWNER=***
AIRFLOW_CTX_DAG_ID=users_and_posts_etl_dag
AIRFLOW_CTX_TASK_ID=extract_data
AIRFLOW_CTX_EXECUTION_DATE=2021-09-07T02:29:25.080861+00:00
AIRFLOW_CTX_DAG_RUN_ID=manual__2021-09-07T02:29:25.080861+00:00
[2021-09-07 02:29:25,793] {logging_mixin.py:109} INFO - /opt/***/dags/files/users
[2021-09-07 02:29:25,793] {logging_mixin.py:109} INFO - /opt/***/dags/files/posts
[2021-09-07 02:29:25,829] {python.py:151} INFO - Done. Returned value was: None
[2021-09-07 02:29:25,842] {taskinstance.py:1211} INFO - Marking task as SUCCESS. dag_id=users_and_posts_etl_dag, task_id=extract_data, execution_date=20210907T022925, start_date=20210907T022925, end_date=20210907T022925
[2021-09-07 02:29:25,885] {local_task_job.py:151} INFO - Task exited with return code 0
[2021-09-07 02:29:25,910] {local_task_job.py:261} INFO - 1 downstream tasks scheduled from follow-on schedule check
