[2021-09-07 03:19:39,885] {taskinstance.py:903} INFO - Dependencies all met for <TaskInstance: users_and_posts_etl_dag.extract_data 2021-09-07T03:19:38.973645+00:00 [queued]>
[2021-09-07 03:19:39,897] {taskinstance.py:903} INFO - Dependencies all met for <TaskInstance: users_and_posts_etl_dag.extract_data 2021-09-07T03:19:38.973645+00:00 [queued]>
[2021-09-07 03:19:39,897] {taskinstance.py:1094} INFO - 
--------------------------------------------------------------------------------
[2021-09-07 03:19:39,897] {taskinstance.py:1095} INFO - Starting attempt 1 of 1
[2021-09-07 03:19:39,897] {taskinstance.py:1096} INFO - 
--------------------------------------------------------------------------------
[2021-09-07 03:19:39,904] {taskinstance.py:1114} INFO - Executing <Task(PythonOperator): extract_data> on 2021-09-07T03:19:38.973645+00:00
[2021-09-07 03:19:39,907] {standard_task_runner.py:52} INFO - Started process 14491 to run task
[2021-09-07 03:19:39,910] {standard_task_runner.py:76} INFO - Running: ['***', 'tasks', 'run', 'users_and_posts_etl_dag', 'extract_data', '2021-09-07T03:19:38.973645+00:00', '--job-id', '139', '--pool', 'default_pool', '--raw', '--subdir', 'DAGS_FOLDER/hoverstate_etl.py', '--cfg-path', '/tmp/tmpw8txcm5e', '--error-file', '/tmp/tmpd18lxx2w']
[2021-09-07 03:19:39,910] {standard_task_runner.py:77} INFO - Job 139: Subtask extract_data
[2021-09-07 03:19:39,938] {logging_mixin.py:109} INFO - Running <TaskInstance: users_and_posts_etl_dag.extract_data 2021-09-07T03:19:38.973645+00:00 [running]> on host 731700afc5ff
[2021-09-07 03:19:39,976] {taskinstance.py:1251} INFO - Exporting the following env vars:
AIRFLOW_CTX_DAG_OWNER=***
AIRFLOW_CTX_DAG_ID=users_and_posts_etl_dag
AIRFLOW_CTX_TASK_ID=extract_data
AIRFLOW_CTX_EXECUTION_DATE=2021-09-07T03:19:38.973645+00:00
AIRFLOW_CTX_DAG_RUN_ID=manual__2021-09-07T03:19:38.973645+00:00
[2021-09-07 03:19:40,121] {logging_mixin.py:109} INFO - /opt/***/dags/files/users
[2021-09-07 03:19:40,121] {logging_mixin.py:109} INFO - /opt/***/dags/files/posts
[2021-09-07 03:19:40,145] {python.py:151} INFO - Done. Returned value was: None
[2021-09-07 03:19:40,153] {taskinstance.py:1211} INFO - Marking task as SUCCESS. dag_id=users_and_posts_etl_dag, task_id=extract_data, execution_date=20210907T031938, start_date=20210907T031939, end_date=20210907T031940
[2021-09-07 03:19:40,202] {local_task_job.py:151} INFO - Task exited with return code 0
[2021-09-07 03:19:40,221] {local_task_job.py:261} INFO - 1 downstream tasks scheduled from follow-on schedule check
