[2021-09-07 05:43:58,183] {taskinstance.py:903} INFO - Dependencies all met for <TaskInstance: json_etl_dag.extract_data 2021-09-07T05:43:57.139735+00:00 [queued]>
[2021-09-07 05:43:58,196] {taskinstance.py:903} INFO - Dependencies all met for <TaskInstance: json_etl_dag.extract_data 2021-09-07T05:43:57.139735+00:00 [queued]>
[2021-09-07 05:43:58,196] {taskinstance.py:1094} INFO - 
--------------------------------------------------------------------------------
[2021-09-07 05:43:58,196] {taskinstance.py:1095} INFO - Starting attempt 1 of 1
[2021-09-07 05:43:58,196] {taskinstance.py:1096} INFO - 
--------------------------------------------------------------------------------
[2021-09-07 05:43:58,206] {taskinstance.py:1114} INFO - Executing <Task(PythonOperator): extract_data> on 2021-09-07T05:43:57.139735+00:00
[2021-09-07 05:43:58,209] {standard_task_runner.py:52} INFO - Started process 28566 to run task
[2021-09-07 05:43:58,212] {standard_task_runner.py:76} INFO - Running: ['***', 'tasks', 'run', 'json_etl_dag', 'extract_data', '2021-09-07T05:43:57.139735+00:00', '--job-id', '205', '--pool', 'default_pool', '--raw', '--subdir', 'DAGS_FOLDER/etl.py', '--cfg-path', '/tmp/tmppdh4z76m', '--error-file', '/tmp/tmpez059c1r']
[2021-09-07 05:43:58,212] {standard_task_runner.py:77} INFO - Job 205: Subtask extract_data
[2021-09-07 05:43:58,247] {logging_mixin.py:109} INFO - Running <TaskInstance: json_etl_dag.extract_data 2021-09-07T05:43:57.139735+00:00 [running]> on host 731700afc5ff
[2021-09-07 05:43:58,287] {taskinstance.py:1251} INFO - Exporting the following env vars:
AIRFLOW_CTX_DAG_OWNER=***
AIRFLOW_CTX_DAG_ID=json_etl_dag
AIRFLOW_CTX_TASK_ID=extract_data
AIRFLOW_CTX_EXECUTION_DATE=2021-09-07T05:43:57.139735+00:00
AIRFLOW_CTX_DAG_RUN_ID=manual__2021-09-07T05:43:57.139735+00:00
[2021-09-07 05:43:58,466] {python.py:151} INFO - Done. Returned value was: None
[2021-09-07 05:43:58,474] {taskinstance.py:1211} INFO - Marking task as SUCCESS. dag_id=json_etl_dag, task_id=extract_data, execution_date=20210907T054357, start_date=20210907T054358, end_date=20210907T054358
[2021-09-07 05:43:58,504] {local_task_job.py:151} INFO - Task exited with return code 0
[2021-09-07 05:43:58,525] {local_task_job.py:261} INFO - 1 downstream tasks scheduled from follow-on schedule check
