[2021-09-06 23:48:31,277] {taskinstance.py:903} INFO - Dependencies all met for <TaskInstance: users_and_posts_etl_dag.extract_data 2021-09-06T23:48:30.298228+00:00 [queued]>
[2021-09-06 23:48:31,295] {taskinstance.py:903} INFO - Dependencies all met for <TaskInstance: users_and_posts_etl_dag.extract_data 2021-09-06T23:48:30.298228+00:00 [queued]>
[2021-09-06 23:48:31,295] {taskinstance.py:1094} INFO - 
--------------------------------------------------------------------------------
[2021-09-06 23:48:31,295] {taskinstance.py:1095} INFO - Starting attempt 1 of 1
[2021-09-06 23:48:31,295] {taskinstance.py:1096} INFO - 
--------------------------------------------------------------------------------
[2021-09-06 23:48:31,304] {taskinstance.py:1114} INFO - Executing <Task(PythonOperator): extract_data> on 2021-09-06T23:48:30.298228+00:00
[2021-09-06 23:48:31,308] {standard_task_runner.py:52} INFO - Started process 26279 to run task
[2021-09-06 23:48:31,311] {standard_task_runner.py:76} INFO - Running: ['***', 'tasks', 'run', 'users_and_posts_etl_dag', 'extract_data', '2021-09-06T23:48:30.298228+00:00', '--job-id', '29', '--pool', 'default_pool', '--raw', '--subdir', 'DAGS_FOLDER/hoverstate_etl.py', '--cfg-path', '/tmp/tmplr13cfm5', '--error-file', '/tmp/tmp2r3bua4e']
[2021-09-06 23:48:31,311] {standard_task_runner.py:77} INFO - Job 29: Subtask extract_data
[2021-09-06 23:48:31,346] {logging_mixin.py:109} INFO - Running <TaskInstance: users_and_posts_etl_dag.extract_data 2021-09-06T23:48:30.298228+00:00 [running]> on host 731700afc5ff
[2021-09-06 23:48:31,387] {taskinstance.py:1251} INFO - Exporting the following env vars:
AIRFLOW_CTX_DAG_OWNER=***
AIRFLOW_CTX_DAG_ID=users_and_posts_etl_dag
AIRFLOW_CTX_TASK_ID=extract_data
AIRFLOW_CTX_EXECUTION_DATE=2021-09-06T23:48:30.298228+00:00
AIRFLOW_CTX_DAG_RUN_ID=manual__2021-09-06T23:48:30.298228+00:00
[2021-09-06 23:48:31,686] {python.py:151} INFO - Done. Returned value was: None
[2021-09-06 23:48:31,695] {taskinstance.py:1211} INFO - Marking task as SUCCESS. dag_id=users_and_posts_etl_dag, task_id=extract_data, execution_date=20210906T234830, start_date=20210906T234831, end_date=20210906T234831
[2021-09-06 23:48:31,724] {local_task_job.py:151} INFO - Task exited with return code 0
[2021-09-06 23:48:31,741] {local_task_job.py:261} INFO - 0 downstream tasks scheduled from follow-on schedule check
