[2021-09-07 06:08:28,077] {taskinstance.py:903} INFO - Dependencies all met for <TaskInstance: json_etl_dag.extract_data 2021-09-07T06:08:27.273628+00:00 [queued]>
[2021-09-07 06:08:28,091] {taskinstance.py:903} INFO - Dependencies all met for <TaskInstance: json_etl_dag.extract_data 2021-09-07T06:08:27.273628+00:00 [queued]>
[2021-09-07 06:08:28,091] {taskinstance.py:1094} INFO - 
--------------------------------------------------------------------------------
[2021-09-07 06:08:28,091] {taskinstance.py:1095} INFO - Starting attempt 1 of 1
[2021-09-07 06:08:28,091] {taskinstance.py:1096} INFO - 
--------------------------------------------------------------------------------
[2021-09-07 06:08:28,098] {taskinstance.py:1114} INFO - Executing <Task(PythonOperator): extract_data> on 2021-09-07T06:08:27.273628+00:00
[2021-09-07 06:08:28,101] {standard_task_runner.py:52} INFO - Started process 30992 to run task
[2021-09-07 06:08:28,104] {standard_task_runner.py:76} INFO - Running: ['***', 'tasks', 'run', 'json_etl_dag', 'extract_data', '2021-09-07T06:08:27.273628+00:00', '--job-id', '234', '--pool', 'default_pool', '--raw', '--subdir', 'DAGS_FOLDER/etl.py', '--cfg-path', '/tmp/tmptjh2ekbp', '--error-file', '/tmp/tmpyc5yda5r']
[2021-09-07 06:08:28,104] {standard_task_runner.py:77} INFO - Job 234: Subtask extract_data
[2021-09-07 06:08:28,134] {logging_mixin.py:109} INFO - Running <TaskInstance: json_etl_dag.extract_data 2021-09-07T06:08:27.273628+00:00 [running]> on host 731700afc5ff
[2021-09-07 06:08:28,173] {taskinstance.py:1251} INFO - Exporting the following env vars:
AIRFLOW_CTX_DAG_OWNER=***
AIRFLOW_CTX_DAG_ID=json_etl_dag
AIRFLOW_CTX_TASK_ID=extract_data
AIRFLOW_CTX_EXECUTION_DATE=2021-09-07T06:08:27.273628+00:00
AIRFLOW_CTX_DAG_RUN_ID=manual__2021-09-07T06:08:27.273628+00:00
[2021-09-07 06:08:28,377] {python.py:151} INFO - Done. Returned value was: None
[2021-09-07 06:08:28,385] {taskinstance.py:1211} INFO - Marking task as SUCCESS. dag_id=json_etl_dag, task_id=extract_data, execution_date=20210907T060827, start_date=20210907T060828, end_date=20210907T060828
[2021-09-07 06:08:28,436] {local_task_job.py:151} INFO - Task exited with return code 0
[2021-09-07 06:08:28,455] {local_task_job.py:261} INFO - 1 downstream tasks scheduled from follow-on schedule check
