[2021-09-07 04:57:22,650] {taskinstance.py:903} INFO - Dependencies all met for <TaskInstance: users_and_posts_etl_dag.extract_data 2021-09-07T03:27:43.694443+00:00 [queued]>
[2021-09-07 04:57:22,663] {taskinstance.py:903} INFO - Dependencies all met for <TaskInstance: users_and_posts_etl_dag.extract_data 2021-09-07T03:27:43.694443+00:00 [queued]>
[2021-09-07 04:57:22,663] {taskinstance.py:1094} INFO - 
--------------------------------------------------------------------------------
[2021-09-07 04:57:22,663] {taskinstance.py:1095} INFO - Starting attempt 2 of 2
[2021-09-07 04:57:22,663] {taskinstance.py:1096} INFO - 
--------------------------------------------------------------------------------
[2021-09-07 04:57:22,671] {taskinstance.py:1114} INFO - Executing <Task(PythonOperator): extract_data> on 2021-09-07T03:27:43.694443+00:00
[2021-09-07 04:57:22,674] {standard_task_runner.py:52} INFO - Started process 24010 to run task
[2021-09-07 04:57:22,677] {standard_task_runner.py:76} INFO - Running: ['***', 'tasks', 'run', 'users_and_posts_etl_dag', 'extract_data', '2021-09-07T03:27:43.694443+00:00', '--job-id', '187', '--pool', 'default_pool', '--raw', '--subdir', 'DAGS_FOLDER/etl.py', '--cfg-path', '/tmp/tmpianoj7vu', '--error-file', '/tmp/tmphz9_h0zs']
[2021-09-07 04:57:22,677] {standard_task_runner.py:77} INFO - Job 187: Subtask extract_data
[2021-09-07 04:57:22,706] {logging_mixin.py:109} INFO - Running <TaskInstance: users_and_posts_etl_dag.extract_data 2021-09-07T03:27:43.694443+00:00 [running]> on host 731700afc5ff
[2021-09-07 04:57:22,745] {taskinstance.py:1251} INFO - Exporting the following env vars:
AIRFLOW_CTX_DAG_OWNER=***
AIRFLOW_CTX_DAG_ID=users_and_posts_etl_dag
AIRFLOW_CTX_TASK_ID=extract_data
AIRFLOW_CTX_EXECUTION_DATE=2021-09-07T03:27:43.694443+00:00
AIRFLOW_CTX_DAG_RUN_ID=manual__2021-09-07T03:27:43.694443+00:00
[2021-09-07 04:57:23,888] {python.py:151} INFO - Done. Returned value was: None
[2021-09-07 04:57:23,899] {taskinstance.py:1211} INFO - Marking task as SUCCESS. dag_id=users_and_posts_etl_dag, task_id=extract_data, execution_date=20210907T032743, start_date=20210907T045722, end_date=20210907T045723
[2021-09-07 04:57:23,932] {local_task_job.py:151} INFO - Task exited with return code 0
[2021-09-07 04:57:23,951] {local_task_job.py:261} INFO - 1 downstream tasks scheduled from follow-on schedule check
