[2021-09-06 23:47:33,844] {taskinstance.py:903} INFO - Dependencies all met for <TaskInstance: users_and_posts_etl_dag.extract_data 2021-09-06T23:47:32.718859+00:00 [queued]>
[2021-09-06 23:47:33,860] {taskinstance.py:903} INFO - Dependencies all met for <TaskInstance: users_and_posts_etl_dag.extract_data 2021-09-06T23:47:32.718859+00:00 [queued]>
[2021-09-06 23:47:33,860] {taskinstance.py:1094} INFO - 
--------------------------------------------------------------------------------
[2021-09-06 23:47:33,860] {taskinstance.py:1095} INFO - Starting attempt 1 of 1
[2021-09-06 23:47:33,860] {taskinstance.py:1096} INFO - 
--------------------------------------------------------------------------------
[2021-09-06 23:47:33,868] {taskinstance.py:1114} INFO - Executing <Task(PythonOperator): extract_data> on 2021-09-06T23:47:32.718859+00:00
[2021-09-06 23:47:33,872] {standard_task_runner.py:52} INFO - Started process 26177 to run task
[2021-09-06 23:47:33,875] {standard_task_runner.py:76} INFO - Running: ['***', 'tasks', 'run', 'users_and_posts_etl_dag', 'extract_data', '2021-09-06T23:47:32.718859+00:00', '--job-id', '26', '--pool', 'default_pool', '--raw', '--subdir', 'DAGS_FOLDER/hoverstate_etl.py', '--cfg-path', '/tmp/tmp5hz0jf4p', '--error-file', '/tmp/tmp31exwwuv']
[2021-09-06 23:47:33,875] {standard_task_runner.py:77} INFO - Job 26: Subtask extract_data
[2021-09-06 23:47:33,906] {logging_mixin.py:109} INFO - Running <TaskInstance: users_and_posts_etl_dag.extract_data 2021-09-06T23:47:32.718859+00:00 [running]> on host 731700afc5ff
[2021-09-06 23:47:33,945] {taskinstance.py:1251} INFO - Exporting the following env vars:
AIRFLOW_CTX_DAG_OWNER=***
AIRFLOW_CTX_DAG_ID=users_and_posts_etl_dag
AIRFLOW_CTX_TASK_ID=extract_data
AIRFLOW_CTX_EXECUTION_DATE=2021-09-06T23:47:32.718859+00:00
AIRFLOW_CTX_DAG_RUN_ID=manual__2021-09-06T23:47:32.718859+00:00
[2021-09-06 23:47:34,134] {python.py:151} INFO - Done. Returned value was: None
[2021-09-06 23:47:34,142] {taskinstance.py:1211} INFO - Marking task as SUCCESS. dag_id=users_and_posts_etl_dag, task_id=extract_data, execution_date=20210906T234732, start_date=20210906T234733, end_date=20210906T234734
[2021-09-06 23:47:34,167] {local_task_job.py:151} INFO - Task exited with return code 0
[2021-09-06 23:47:34,183] {local_task_job.py:261} INFO - 0 downstream tasks scheduled from follow-on schedule check
