[2021-09-07 05:48:53,108] {taskinstance.py:903} INFO - Dependencies all met for <TaskInstance: json_etl_dag.create_temp_tables 2021-09-07T05:48:44.774974+00:00 [queued]>
[2021-09-07 05:48:53,116] {taskinstance.py:903} INFO - Dependencies all met for <TaskInstance: json_etl_dag.create_temp_tables 2021-09-07T05:48:44.774974+00:00 [queued]>
[2021-09-07 05:48:53,116] {taskinstance.py:1094} INFO - 
--------------------------------------------------------------------------------
[2021-09-07 05:48:53,116] {taskinstance.py:1095} INFO - Starting attempt 1 of 1
[2021-09-07 05:48:53,116] {taskinstance.py:1096} INFO - 
--------------------------------------------------------------------------------
[2021-09-07 05:48:53,128] {taskinstance.py:1114} INFO - Executing <Task(PostgresOperator): create_temp_tables> on 2021-09-07T05:48:44.774974+00:00
[2021-09-07 05:48:53,132] {standard_task_runner.py:52} INFO - Started process 29063 to run task
[2021-09-07 05:48:53,134] {standard_task_runner.py:76} INFO - Running: ['***', 'tasks', 'run', 'json_etl_dag', 'create_temp_tables', '2021-09-07T05:48:44.774974+00:00', '--job-id', '221', '--pool', 'default_pool', '--raw', '--subdir', 'DAGS_FOLDER/etl.py', '--cfg-path', '/tmp/tmpq207fb5b', '--error-file', '/tmp/tmpjj34n0uf']
[2021-09-07 05:48:53,134] {standard_task_runner.py:77} INFO - Job 221: Subtask create_temp_tables
[2021-09-07 05:48:53,168] {logging_mixin.py:109} INFO - Running <TaskInstance: json_etl_dag.create_temp_tables 2021-09-07T05:48:44.774974+00:00 [running]> on host 731700afc5ff
[2021-09-07 05:48:53,208] {taskinstance.py:1251} INFO - Exporting the following env vars:
AIRFLOW_CTX_DAG_OWNER=***
AIRFLOW_CTX_DAG_ID=json_etl_dag
AIRFLOW_CTX_TASK_ID=create_temp_tables
AIRFLOW_CTX_EXECUTION_DATE=2021-09-07T05:48:44.774974+00:00
AIRFLOW_CTX_DAG_RUN_ID=manual__2021-09-07T05:48:44.774974+00:00
[2021-09-07 05:48:53,208] {postgres.py:68} INFO - Executing: 
            INSERT INTO users SELECT * FROM users_temp a WHERE NOT EXISTS (SELECT * FROM users b where a.id = b.id);
            INSERT INTO posts SELECT * FROM posts_temp a WHERE NOT EXISTS (SELECT * FROM posts b where a.id = b.id);
            DROP TABLE IF EXISTS users_temp;
            DROP TABLE IF EXISTS posts_temp;
        
[2021-09-07 05:48:53,215] {base.py:70} INFO - Using connection to: id: nickel-aws. Host: nickel.caybmxchvlv1.us-east-1.rds.amazonaws.com, Port: 5432, Schema: , Login: postgres, Password: ***, extra: {}
[2021-09-07 05:48:53,834] {dbapi.py:204} INFO - Running statement: 
            INSERT INTO users SELECT * FROM users_temp a WHERE NOT EXISTS (SELECT * FROM users b where a.id = b.id);
            INSERT INTO posts SELECT * FROM posts_temp a WHERE NOT EXISTS (SELECT * FROM posts b where a.id = b.id);
            DROP TABLE IF EXISTS users_temp;
            DROP TABLE IF EXISTS posts_temp;
        , parameters: None
[2021-09-07 05:48:54,147] {taskinstance.py:1211} INFO - Marking task as SUCCESS. dag_id=json_etl_dag, task_id=create_temp_tables, execution_date=20210907T054844, start_date=20210907T054853, end_date=20210907T054854
[2021-09-07 05:48:54,189] {local_task_job.py:151} INFO - Task exited with return code 0
[2021-09-07 05:48:54,207] {local_task_job.py:261} INFO - 0 downstream tasks scheduled from follow-on schedule check
