[2021-09-07 05:57:19,563] {taskinstance.py:903} INFO - Dependencies all met for <TaskInstance: json_etl_dag.load_data 2021-09-07T05:57:15.179024+00:00 [queued]>
[2021-09-07 05:57:19,571] {taskinstance.py:903} INFO - Dependencies all met for <TaskInstance: json_etl_dag.load_data 2021-09-07T05:57:15.179024+00:00 [queued]>
[2021-09-07 05:57:19,571] {taskinstance.py:1094} INFO - 
--------------------------------------------------------------------------------
[2021-09-07 05:57:19,571] {taskinstance.py:1095} INFO - Starting attempt 1 of 1
[2021-09-07 05:57:19,571] {taskinstance.py:1096} INFO - 
--------------------------------------------------------------------------------
[2021-09-07 05:57:19,582] {taskinstance.py:1114} INFO - Executing <Task(PythonOperator): load_data> on 2021-09-07T05:57:15.179024+00:00
[2021-09-07 05:57:19,585] {standard_task_runner.py:52} INFO - Started process 29900 to run task
[2021-09-07 05:57:19,587] {standard_task_runner.py:76} INFO - Running: ['***', 'tasks', 'run', 'json_etl_dag', 'load_data', '2021-09-07T05:57:15.179024+00:00', '--job-id', '228', '--pool', 'default_pool', '--raw', '--subdir', 'DAGS_FOLDER/etl.py', '--cfg-path', '/tmp/tmpzxhl7w9w', '--error-file', '/tmp/tmpxdhwahu6']
[2021-09-07 05:57:19,587] {standard_task_runner.py:77} INFO - Job 228: Subtask load_data
[2021-09-07 05:57:19,619] {logging_mixin.py:109} INFO - Running <TaskInstance: json_etl_dag.load_data 2021-09-07T05:57:15.179024+00:00 [running]> on host 731700afc5ff
[2021-09-07 05:57:19,658] {taskinstance.py:1251} INFO - Exporting the following env vars:
AIRFLOW_CTX_DAG_OWNER=***
AIRFLOW_CTX_DAG_ID=json_etl_dag
AIRFLOW_CTX_TASK_ID=load_data
AIRFLOW_CTX_EXECUTION_DATE=2021-09-07T05:57:15.179024+00:00
AIRFLOW_CTX_DAG_RUN_ID=manual__2021-09-07T05:57:15.179024+00:00
[2021-09-07 05:57:19,677] {base.py:70} INFO - Using connection to: id: nickel-aws. Host: nickel.caybmxchvlv1.us-east-1.rds.amazonaws.com, Port: 5432, Schema: , Login: postgres, Password: ***, extra: {}
[2021-09-07 05:57:20,179] {base.py:70} INFO - Using connection to: id: nickel-aws. Host: nickel.caybmxchvlv1.us-east-1.rds.amazonaws.com, Port: 5432, Schema: , Login: postgres, Password: ***, extra: {}
[2021-09-07 05:57:20,995] {base.py:70} INFO - Using connection to: id: nickel-aws. Host: nickel.caybmxchvlv1.us-east-1.rds.amazonaws.com, Port: 5432, Schema: , Login: postgres, Password: ***, extra: {}
[2021-09-07 05:57:21,547] {base.py:70} INFO - Using connection to: id: nickel-aws. Host: nickel.caybmxchvlv1.us-east-1.rds.amazonaws.com, Port: 5432, Schema: , Login: postgres, Password: ***, extra: {}
[2021-09-07 05:57:23,088] {python.py:151} INFO - Done. Returned value was: None
[2021-09-07 05:57:23,102] {taskinstance.py:1211} INFO - Marking task as SUCCESS. dag_id=json_etl_dag, task_id=load_data, execution_date=20210907T055715, start_date=20210907T055719, end_date=20210907T055723
[2021-09-07 05:57:23,130] {local_task_job.py:151} INFO - Task exited with return code 0
[2021-09-07 05:57:23,150] {local_task_job.py:261} INFO - 1 downstream tasks scheduled from follow-on schedule check
