[2021-09-07 05:43:59,320] {taskinstance.py:903} INFO - Dependencies all met for <TaskInstance: json_etl_dag.create_tables 2021-09-07T05:43:57.139735+00:00 [queued]>
[2021-09-07 05:43:59,329] {taskinstance.py:903} INFO - Dependencies all met for <TaskInstance: json_etl_dag.create_tables 2021-09-07T05:43:57.139735+00:00 [queued]>
[2021-09-07 05:43:59,329] {taskinstance.py:1094} INFO - 
--------------------------------------------------------------------------------
[2021-09-07 05:43:59,329] {taskinstance.py:1095} INFO - Starting attempt 1 of 1
[2021-09-07 05:43:59,329] {taskinstance.py:1096} INFO - 
--------------------------------------------------------------------------------
[2021-09-07 05:43:59,341] {taskinstance.py:1114} INFO - Executing <Task(PostgresOperator): create_tables> on 2021-09-07T05:43:57.139735+00:00
[2021-09-07 05:43:59,345] {standard_task_runner.py:52} INFO - Started process 28568 to run task
[2021-09-07 05:43:59,347] {standard_task_runner.py:76} INFO - Running: ['***', 'tasks', 'run', 'json_etl_dag', 'create_tables', '2021-09-07T05:43:57.139735+00:00', '--job-id', '206', '--pool', 'default_pool', '--raw', '--subdir', 'DAGS_FOLDER/etl.py', '--cfg-path', '/tmp/tmp7marytyt', '--error-file', '/tmp/tmp3p2addrp']
[2021-09-07 05:43:59,347] {standard_task_runner.py:77} INFO - Job 206: Subtask create_tables
[2021-09-07 05:43:59,382] {logging_mixin.py:109} INFO - Running <TaskInstance: json_etl_dag.create_tables 2021-09-07T05:43:57.139735+00:00 [running]> on host 731700afc5ff
[2021-09-07 05:43:59,424] {taskinstance.py:1251} INFO - Exporting the following env vars:
AIRFLOW_CTX_DAG_OWNER=***
AIRFLOW_CTX_DAG_ID=json_etl_dag
AIRFLOW_CTX_TASK_ID=create_tables
AIRFLOW_CTX_EXECUTION_DATE=2021-09-07T05:43:57.139735+00:00
AIRFLOW_CTX_DAG_RUN_ID=manual__2021-09-07T05:43:57.139735+00:00
[2021-09-07 05:43:59,424] {postgres.py:68} INFO - Executing: 
            CREATE TABLE IF NOT EXISTS posts (id int, userId int, title text, body text);
            CREATE TABLE IF NOT EXISTS users (id int, name text, username text, email text, address_street text, address_suite text, address_city text, address_zipcode text, address_geo_lat numeric, address_geo_lng numeric, phone text, website text, company_name text, company_catchPhrase text, company_bs text);
            CREATE TEMP TABLE users_temp AS SELECT * FROM users WHERE 1=0;
            CREATE TEMP TABLE posts_temp AS SELECT * FROM posts WHERE 1=0;
        
[2021-09-07 05:43:59,431] {base.py:70} INFO - Using connection to: id: nickel-aws. Host: nickel.caybmxchvlv1.us-east-1.rds.amazonaws.com, Port: 5432, Schema: , Login: postgres, Password: ***, extra: {}
[2021-09-07 05:43:59,976] {dbapi.py:204} INFO - Running statement: 
            CREATE TABLE IF NOT EXISTS posts (id int, userId int, title text, body text);
            CREATE TABLE IF NOT EXISTS users (id int, name text, username text, email text, address_street text, address_suite text, address_city text, address_zipcode text, address_geo_lat numeric, address_geo_lng numeric, phone text, website text, company_name text, company_catchPhrase text, company_bs text);
            CREATE TEMP TABLE users_temp AS SELECT * FROM users WHERE 1=0;
            CREATE TEMP TABLE posts_temp AS SELECT * FROM posts WHERE 1=0;
        , parameters: None
[2021-09-07 05:44:00,153] {dbapi.py:212} INFO - Rows affected: 0
[2021-09-07 05:44:00,235] {postgres.py:72} INFO - NOTICE:  relation "posts" already exists, skipping

[2021-09-07 05:44:00,235] {postgres.py:72} INFO - NOTICE:  relation "users" already exists, skipping

[2021-09-07 05:44:00,246] {taskinstance.py:1211} INFO - Marking task as SUCCESS. dag_id=json_etl_dag, task_id=create_tables, execution_date=20210907T054357, start_date=20210907T054359, end_date=20210907T054400
[2021-09-07 05:44:00,281] {local_task_job.py:151} INFO - Task exited with return code 0
[2021-09-07 05:44:00,303] {local_task_job.py:261} INFO - 0 downstream tasks scheduled from follow-on schedule check
