[2021-09-07 02:36:47,614] {taskinstance.py:903} INFO - Dependencies all met for <TaskInstance: users_and_posts_etl_dag.extract_data 2021-09-07T02:36:47.192743+00:00 [queued]>
[2021-09-07 02:36:47,633] {taskinstance.py:903} INFO - Dependencies all met for <TaskInstance: users_and_posts_etl_dag.extract_data 2021-09-07T02:36:47.192743+00:00 [queued]>
[2021-09-07 02:36:47,633] {taskinstance.py:1094} INFO - 
--------------------------------------------------------------------------------
[2021-09-07 02:36:47,633] {taskinstance.py:1095} INFO - Starting attempt 1 of 1
[2021-09-07 02:36:47,633] {taskinstance.py:1096} INFO - 
--------------------------------------------------------------------------------
[2021-09-07 02:36:47,642] {taskinstance.py:1114} INFO - Executing <Task(PythonOperator): extract_data> on 2021-09-07T02:36:47.192743+00:00
[2021-09-07 02:36:47,646] {standard_task_runner.py:52} INFO - Started process 10278 to run task
[2021-09-07 02:36:47,648] {standard_task_runner.py:76} INFO - Running: ['***', 'tasks', 'run', 'users_and_posts_etl_dag', 'extract_data', '2021-09-07T02:36:47.192743+00:00', '--job-id', '111', '--pool', 'default_pool', '--raw', '--subdir', 'DAGS_FOLDER/hoverstate_etl.py', '--cfg-path', '/tmp/tmp6m21mgei', '--error-file', '/tmp/tmp64b5c7b9']
[2021-09-07 02:36:47,648] {standard_task_runner.py:77} INFO - Job 111: Subtask extract_data
[2021-09-07 02:36:47,684] {logging_mixin.py:109} INFO - Running <TaskInstance: users_and_posts_etl_dag.extract_data 2021-09-07T02:36:47.192743+00:00 [running]> on host 731700afc5ff
[2021-09-07 02:36:47,732] {taskinstance.py:1251} INFO - Exporting the following env vars:
AIRFLOW_CTX_DAG_OWNER=***
AIRFLOW_CTX_DAG_ID=users_and_posts_etl_dag
AIRFLOW_CTX_TASK_ID=extract_data
AIRFLOW_CTX_EXECUTION_DATE=2021-09-07T02:36:47.192743+00:00
AIRFLOW_CTX_DAG_RUN_ID=manual__2021-09-07T02:36:47.192743+00:00
[2021-09-07 02:36:47,905] {logging_mixin.py:109} INFO - /opt/***/dags/files/users
[2021-09-07 02:36:47,905] {logging_mixin.py:109} INFO - /opt/***/dags/files/posts
[2021-09-07 02:36:47,935] {python.py:151} INFO - Done. Returned value was: None
[2021-09-07 02:36:47,944] {taskinstance.py:1211} INFO - Marking task as SUCCESS. dag_id=users_and_posts_etl_dag, task_id=extract_data, execution_date=20210907T023647, start_date=20210907T023647, end_date=20210907T023647
[2021-09-07 02:36:47,982] {local_task_job.py:151} INFO - Task exited with return code 0
[2021-09-07 02:36:48,005] {local_task_job.py:261} INFO - 1 downstream tasks scheduled from follow-on schedule check
